<?xml version="1.0" encoding="UTF-8"?>
<!-- Generated by org.testng.reporters.JUnitXMLReporter -->
<testsuite ignored="1" hostname="DESKTOP-J22V0IL" failures="0" tests="1" name="Slider" time="4.453" errors="0" timestamp="2022-11-02T23:09:00 MEZ">
  <testcase classname="com.telran.tests.widgets.MenuTests" name="sliderTest" time="0.54"/>
  <testcase classname="com.telran.tests.widgets.MenuTests" name="menuTest" time="0.0">
    <ignored/>
  </testcase> <!-- menuTest -->
</testsuite> <!-- Slider -->
