<?xml version="1.0" encoding="UTF-8"?>
<testsuite xmlns:xsi="http://www.w3.org/2001/XMLSchema-instance" xsi:noNamespaceSchemaLocation="https://maven.apache.org/surefire/maven-surefire-plugin/xsd/surefire-test-report.xsd" name="TestSuite" time="15.263" tests="2" errors="0" skipped="0" failures="0">
  <properties>
[...]
</properties>
  <testcase name="loginPositiveParametersTest" classname="com.telran.tests.bookstore.LoginTests" time="1.449"/>
  <testcase name="loginPositiveTest" classname="com.telran.tests.bookstore.LoginTests" time="1.527"/>
</testsuite>